[error] [2024-06-10T15:34:49.548Z] : uncaughtException: Cannot read properties of undefined (reading 'fAddress')
TypeError: Cannot read properties of undefined (reading 'fAddress')
    at D:\Zoho\Zoho Creator\testExtension\CreatorForm\server\index.js:152:30
    at Layer.handle [as handle_request] (D:\Zoho\Zoho Creator\testExtension\CreatorForm\node_modules\express\lib\router\layer.js:95:5)
    at next (D:\Zoho\Zoho Creator\testExtension\CreatorForm\node_modules\express\lib\router\route.js:149:13)
    at Route.dispatch (D:\Zoho\Zoho Creator\testExtension\CreatorForm\node_modules\express\lib\router\route.js:119:3)
    at Layer.handle [as handle_request] (D:\Zoho\Zoho Creator\testExtension\CreatorForm\node_modules\express\lib\router\layer.js:95:5)
    at D:\Zoho\Zoho Creator\testExtension\CreatorForm\node_modules\express\lib\router\index.js:284:15
    at Function.process_params (D:\Zoho\Zoho Creator\testExtension\CreatorForm\node_modules\express\lib\router\index.js:346:12)
    at next (D:\Zoho\Zoho Creator\testExtension\CreatorForm\node_modules\express\lib\router\index.js:280:10)
    at expressInit (D:\Zoho\Zoho Creator\testExtension\CreatorForm\node_modules\express\lib\middleware\init.js:40:5)
    at Layer.handle [as handle_request] (D:\Zoho\Zoho Creator\testExtension\CreatorForm\node_modules\express\lib\router\layer.js:95:5)
[error] [2024-06-10T15:36:49.995Z] : uncaughtException: Cannot read properties of undefined (reading 'fAddress')
TypeError: Cannot read properties of undefined (reading 'fAddress')
    at D:\Zoho\Zoho Creator\testExtension\CreatorForm\server\index.js:152:30
    at Layer.handle [as handle_request] (D:\Zoho\Zoho Creator\testExtension\CreatorForm\node_modules\express\lib\router\layer.js:95:5)
    at next (D:\Zoho\Zoho Creator\testExtension\CreatorForm\node_modules\express\lib\router\route.js:149:13)
    at Route.dispatch (D:\Zoho\Zoho Creator\testExtension\CreatorForm\node_modules\express\lib\router\route.js:119:3)
    at Layer.handle [as handle_request] (D:\Zoho\Zoho Creator\testExtension\CreatorForm\node_modules\express\lib\router\layer.js:95:5)
    at D:\Zoho\Zoho Creator\testExtension\CreatorForm\node_modules\express\lib\router\index.js:284:15
    at Function.process_params (D:\Zoho\Zoho Creator\testExtension\CreatorForm\node_modules\express\lib\router\index.js:346:12)
    at next (D:\Zoho\Zoho Creator\testExtension\CreatorForm\node_modules\express\lib\router\index.js:280:10)
    at expressInit (D:\Zoho\Zoho Creator\testExtension\CreatorForm\node_modules\express\lib\middleware\init.js:40:5)
    at Layer.handle [as handle_request] (D:\Zoho\Zoho Creator\testExtension\CreatorForm\node_modules\express\lib\router\layer.js:95:5)
[error] [2024-06-10T15:37:42.665Z] : uncaughtException: Cannot read properties of undefined (reading 'fAddress')
TypeError: Cannot read properties of undefined (reading 'fAddress')
    at D:\Zoho\Zoho Creator\testExtension\CreatorForm\server\index.js:152:30
    at Layer.handle [as handle_request] (D:\Zoho\Zoho Creator\testExtension\CreatorForm\node_modules\express\lib\router\layer.js:95:5)
    at next (D:\Zoho\Zoho Creator\testExtension\CreatorForm\node_modules\express\lib\router\route.js:149:13)
    at Route.dispatch (D:\Zoho\Zoho Creator\testExtension\CreatorForm\node_modules\express\lib\router\route.js:119:3)
    at Layer.handle [as handle_request] (D:\Zoho\Zoho Creator\testExtension\CreatorForm\node_modules\express\lib\router\layer.js:95:5)
    at D:\Zoho\Zoho Creator\testExtension\CreatorForm\node_modules\express\lib\router\index.js:284:15
    at Function.process_params (D:\Zoho\Zoho Creator\testExtension\CreatorForm\node_modules\express\lib\router\index.js:346:12)
    at next (D:\Zoho\Zoho Creator\testExtension\CreatorForm\node_modules\express\lib\router\index.js:280:10)
    at expressInit (D:\Zoho\Zoho Creator\testExtension\CreatorForm\node_modules\express\lib\middleware\init.js:40:5)
    at Layer.handle [as handle_request] (D:\Zoho\Zoho Creator\testExtension\CreatorForm\node_modules\express\lib\router\layer.js:95:5)
[error] [2024-06-10T15:39:20.089Z] : uncaughtException: Cannot read properties of undefined (reading 'fAddress')
TypeError: Cannot read properties of undefined (reading 'fAddress')
    at D:\Zoho\Zoho Creator\testExtension\CreatorForm\server\index.js:152:30
    at Layer.handle [as handle_request] (D:\Zoho\Zoho Creator\testExtension\CreatorForm\node_modules\express\lib\router\layer.js:95:5)
    at next (D:\Zoho\Zoho Creator\testExtension\CreatorForm\node_modules\express\lib\router\route.js:149:13)
    at Route.dispatch (D:\Zoho\Zoho Creator\testExtension\CreatorForm\node_modules\express\lib\router\route.js:119:3)
    at Layer.handle [as handle_request] (D:\Zoho\Zoho Creator\testExtension\CreatorForm\node_modules\express\lib\router\layer.js:95:5)
    at D:\Zoho\Zoho Creator\testExtension\CreatorForm\node_modules\express\lib\router\index.js:284:15
    at Function.process_params (D:\Zoho\Zoho Creator\testExtension\CreatorForm\node_modules\express\lib\router\index.js:346:12)
    at next (D:\Zoho\Zoho Creator\testExtension\CreatorForm\node_modules\express\lib\router\index.js:280:10)
    at expressInit (D:\Zoho\Zoho Creator\testExtension\CreatorForm\node_modules\express\lib\middleware\init.js:40:5)
    at Layer.handle [as handle_request] (D:\Zoho\Zoho Creator\testExtension\CreatorForm\node_modules\express\lib\router\layer.js:95:5)
[error] [2024-06-10T15:43:05.059Z] : uncaughtException: Cannot read properties of undefined (reading 'fAddress')
TypeError: Cannot read properties of undefined (reading 'fAddress')
    at D:\Zoho\Zoho Creator\testExtension\CreatorForm\server\index.js:153:30
    at Layer.handle [as handle_request] (D:\Zoho\Zoho Creator\testExtension\CreatorForm\node_modules\express\lib\router\layer.js:95:5)
    at next (D:\Zoho\Zoho Creator\testExtension\CreatorForm\node_modules\express\lib\router\route.js:149:13)
    at Route.dispatch (D:\Zoho\Zoho Creator\testExtension\CreatorForm\node_modules\express\lib\router\route.js:119:3)
    at Layer.handle [as handle_request] (D:\Zoho\Zoho Creator\testExtension\CreatorForm\node_modules\express\lib\router\layer.js:95:5)
    at D:\Zoho\Zoho Creator\testExtension\CreatorForm\node_modules\express\lib\router\index.js:284:15
    at Function.process_params (D:\Zoho\Zoho Creator\testExtension\CreatorForm\node_modules\express\lib\router\index.js:346:12)
    at next (D:\Zoho\Zoho Creator\testExtension\CreatorForm\node_modules\express\lib\router\index.js:280:10)
    at expressInit (D:\Zoho\Zoho Creator\testExtension\CreatorForm\node_modules\express\lib\middleware\init.js:40:5)
    at Layer.handle [as handle_request] (D:\Zoho\Zoho Creator\testExtension\CreatorForm\node_modules\express\lib\router\layer.js:95:5)
[error] [2024-06-10T15:45:12.702Z] : uncaughtException: Cannot read properties of undefined (reading 'fAddress')
TypeError: Cannot read properties of undefined (reading 'fAddress')
    at D:\Zoho\Zoho Creator\testExtension\CreatorForm\server\index.js:153:30
    at Layer.handle [as handle_request] (D:\Zoho\Zoho Creator\testExtension\CreatorForm\node_modules\express\lib\router\layer.js:95:5)
    at next (D:\Zoho\Zoho Creator\testExtension\CreatorForm\node_modules\express\lib\router\route.js:149:13)
    at Route.dispatch (D:\Zoho\Zoho Creator\testExtension\CreatorForm\node_modules\express\lib\router\route.js:119:3)
    at Layer.handle [as handle_request] (D:\Zoho\Zoho Creator\testExtension\CreatorForm\node_modules\express\lib\router\layer.js:95:5)
    at D:\Zoho\Zoho Creator\testExtension\CreatorForm\node_modules\express\lib\router\index.js:284:15
    at Function.process_params (D:\Zoho\Zoho Creator\testExtension\CreatorForm\node_modules\express\lib\router\index.js:346:12)
    at next (D:\Zoho\Zoho Creator\testExtension\CreatorForm\node_modules\express\lib\router\index.js:280:10)
    at expressInit (D:\Zoho\Zoho Creator\testExtension\CreatorForm\node_modules\express\lib\middleware\init.js:40:5)
    at Layer.handle [as handle_request] (D:\Zoho\Zoho Creator\testExtension\CreatorForm\node_modules\express\lib\router\layer.js:95:5)
[error] [2024-06-10T15:45:37.055Z] : uncaughtException: Cannot read properties of undefined (reading 'fAddress')
TypeError: Cannot read properties of undefined (reading 'fAddress')
    at D:\Zoho\Zoho Creator\testExtension\CreatorForm\server\index.js:153:30
    at Layer.handle [as handle_request] (D:\Zoho\Zoho Creator\testExtension\CreatorForm\node_modules\express\lib\router\layer.js:95:5)
    at next (D:\Zoho\Zoho Creator\testExtension\CreatorForm\node_modules\express\lib\router\route.js:149:13)
    at Route.dispatch (D:\Zoho\Zoho Creator\testExtension\CreatorForm\node_modules\express\lib\router\route.js:119:3)
    at Layer.handle [as handle_request] (D:\Zoho\Zoho Creator\testExtension\CreatorForm\node_modules\express\lib\router\layer.js:95:5)
    at D:\Zoho\Zoho Creator\testExtension\CreatorForm\node_modules\express\lib\router\index.js:284:15
    at Function.process_params (D:\Zoho\Zoho Creator\testExtension\CreatorForm\node_modules\express\lib\router\index.js:346:12)
    at next (D:\Zoho\Zoho Creator\testExtension\CreatorForm\node_modules\express\lib\router\index.js:280:10)
    at expressInit (D:\Zoho\Zoho Creator\testExtension\CreatorForm\node_modules\express\lib\middleware\init.js:40:5)
    at Layer.handle [as handle_request] (D:\Zoho\Zoho Creator\testExtension\CreatorForm\node_modules\express\lib\router\layer.js:95:5)
[error] [2024-06-10T15:48:00.048Z] : uncaughtException: Cannot read properties of undefined (reading 'fAddress')
TypeError: Cannot read properties of undefined (reading 'fAddress')
    at D:\Zoho\Zoho Creator\testExtension\CreatorForm\server\index.js:153:30
    at Layer.handle [as handle_request] (D:\Zoho\Zoho Creator\testExtension\CreatorForm\node_modules\express\lib\router\layer.js:95:5)
    at next (D:\Zoho\Zoho Creator\testExtension\CreatorForm\node_modules\express\lib\router\route.js:149:13)
    at Route.dispatch (D:\Zoho\Zoho Creator\testExtension\CreatorForm\node_modules\express\lib\router\route.js:119:3)
    at Layer.handle [as handle_request] (D:\Zoho\Zoho Creator\testExtension\CreatorForm\node_modules\express\lib\router\layer.js:95:5)
    at D:\Zoho\Zoho Creator\testExtension\CreatorForm\node_modules\express\lib\router\index.js:284:15
    at Function.process_params (D:\Zoho\Zoho Creator\testExtension\CreatorForm\node_modules\express\lib\router\index.js:346:12)
    at next (D:\Zoho\Zoho Creator\testExtension\CreatorForm\node_modules\express\lib\router\index.js:280:10)
    at expressInit (D:\Zoho\Zoho Creator\testExtension\CreatorForm\node_modules\express\lib\middleware\init.js:40:5)
    at Layer.handle [as handle_request] (D:\Zoho\Zoho Creator\testExtension\CreatorForm\node_modules\express\lib\router\layer.js:95:5)
[error] [2024-06-10T15:48:44.242Z] : uncaughtException: Cannot read properties of undefined (reading 'fAddress')
TypeError: Cannot read properties of undefined (reading 'fAddress')
    at D:\Zoho\Zoho Creator\testExtension\CreatorForm\server\index.js:153:30
    at Layer.handle [as handle_request] (D:\Zoho\Zoho Creator\testExtension\CreatorForm\node_modules\express\lib\router\layer.js:95:5)
    at next (D:\Zoho\Zoho Creator\testExtension\CreatorForm\node_modules\express\lib\router\route.js:149:13)
    at Route.dispatch (D:\Zoho\Zoho Creator\testExtension\CreatorForm\node_modules\express\lib\router\route.js:119:3)
    at Layer.handle [as handle_request] (D:\Zoho\Zoho Creator\testExtension\CreatorForm\node_modules\express\lib\router\layer.js:95:5)
    at D:\Zoho\Zoho Creator\testExtension\CreatorForm\node_modules\express\lib\router\index.js:284:15
    at Function.process_params (D:\Zoho\Zoho Creator\testExtension\CreatorForm\node_modules\express\lib\router\index.js:346:12)
    at next (D:\Zoho\Zoho Creator\testExtension\CreatorForm\node_modules\express\lib\router\index.js:280:10)
    at expressInit (D:\Zoho\Zoho Creator\testExtension\CreatorForm\node_modules\express\lib\middleware\init.js:40:5)
    at Layer.handle [as handle_request] (D:\Zoho\Zoho Creator\testExtension\CreatorForm\node_modules\express\lib\router\layer.js:95:5)
[error] [2024-06-10T15:48:58.715Z] : uncaughtException: Cannot read properties of undefined (reading 'fAddress')
TypeError: Cannot read properties of undefined (reading 'fAddress')
    at D:\Zoho\Zoho Creator\testExtension\CreatorForm\server\index.js:153:30
    at Layer.handle [as handle_request] (D:\Zoho\Zoho Creator\testExtension\CreatorForm\node_modules\express\lib\router\layer.js:95:5)
    at next (D:\Zoho\Zoho Creator\testExtension\CreatorForm\node_modules\express\lib\router\route.js:149:13)
    at Route.dispatch (D:\Zoho\Zoho Creator\testExtension\CreatorForm\node_modules\express\lib\router\route.js:119:3)
    at Layer.handle [as handle_request] (D:\Zoho\Zoho Creator\testExtension\CreatorForm\node_modules\express\lib\router\layer.js:95:5)
    at D:\Zoho\Zoho Creator\testExtension\CreatorForm\node_modules\express\lib\router\index.js:284:15
    at Function.process_params (D:\Zoho\Zoho Creator\testExtension\CreatorForm\node_modules\express\lib\router\index.js:346:12)
    at next (D:\Zoho\Zoho Creator\testExtension\CreatorForm\node_modules\express\lib\router\index.js:280:10)
    at expressInit (D:\Zoho\Zoho Creator\testExtension\CreatorForm\node_modules\express\lib\middleware\init.js:40:5)
    at Layer.handle [as handle_request] (D:\Zoho\Zoho Creator\testExtension\CreatorForm\node_modules\express\lib\router\layer.js:95:5)
[error] [2024-06-10T15:49:37.438Z] : uncaughtException: Cannot read properties of undefined (reading 'fAddress')
TypeError: Cannot read properties of undefined (reading 'fAddress')
    at D:\Zoho\Zoho Creator\testExtension\CreatorForm\server\index.js:153:30
    at Layer.handle [as handle_request] (D:\Zoho\Zoho Creator\testExtension\CreatorForm\node_modules\express\lib\router\layer.js:95:5)
    at next (D:\Zoho\Zoho Creator\testExtension\CreatorForm\node_modules\express\lib\router\route.js:149:13)
    at Route.dispatch (D:\Zoho\Zoho Creator\testExtension\CreatorForm\node_modules\express\lib\router\route.js:119:3)
    at Layer.handle [as handle_request] (D:\Zoho\Zoho Creator\testExtension\CreatorForm\node_modules\express\lib\router\layer.js:95:5)
    at D:\Zoho\Zoho Creator\testExtension\CreatorForm\node_modules\express\lib\router\index.js:284:15
    at Function.process_params (D:\Zoho\Zoho Creator\testExtension\CreatorForm\node_modules\express\lib\router\index.js:346:12)
    at next (D:\Zoho\Zoho Creator\testExtension\CreatorForm\node_modules\express\lib\router\index.js:280:10)
    at expressInit (D:\Zoho\Zoho Creator\testExtension\CreatorForm\node_modules\express\lib\middleware\init.js:40:5)
    at Layer.handle [as handle_request] (D:\Zoho\Zoho Creator\testExtension\CreatorForm\node_modules\express\lib\router\layer.js:95:5)
[error] [2024-06-10T15:50:00.655Z] : uncaughtException: Cannot read properties of undefined (reading 'data')
TypeError: Cannot read properties of undefined (reading 'data')
    at D:\Zoho\Zoho Creator\testExtension\CreatorForm\server\index.js:153:30
    at Layer.handle [as handle_request] (D:\Zoho\Zoho Creator\testExtension\CreatorForm\node_modules\express\lib\router\layer.js:95:5)
    at next (D:\Zoho\Zoho Creator\testExtension\CreatorForm\node_modules\express\lib\router\route.js:149:13)
    at Route.dispatch (D:\Zoho\Zoho Creator\testExtension\CreatorForm\node_modules\express\lib\router\route.js:119:3)
    at Layer.handle [as handle_request] (D:\Zoho\Zoho Creator\testExtension\CreatorForm\node_modules\express\lib\router\layer.js:95:5)
    at D:\Zoho\Zoho Creator\testExtension\CreatorForm\node_modules\express\lib\router\index.js:284:15
    at Function.process_params (D:\Zoho\Zoho Creator\testExtension\CreatorForm\node_modules\express\lib\router\index.js:346:12)
    at next (D:\Zoho\Zoho Creator\testExtension\CreatorForm\node_modules\express\lib\router\index.js:280:10)
    at expressInit (D:\Zoho\Zoho Creator\testExtension\CreatorForm\node_modules\express\lib\middleware\init.js:40:5)
    at Layer.handle [as handle_request] (D:\Zoho\Zoho Creator\testExtension\CreatorForm\node_modules\express\lib\router\layer.js:95:5)
[error] [2024-06-10T15:50:12.378Z] : uncaughtException: Cannot read properties of undefined (reading 'data')
TypeError: Cannot read properties of undefined (reading 'data')
    at D:\Zoho\Zoho Creator\testExtension\CreatorForm\server\index.js:153:30
    at Layer.handle [as handle_request] (D:\Zoho\Zoho Creator\testExtension\CreatorForm\node_modules\express\lib\router\layer.js:95:5)
    at next (D:\Zoho\Zoho Creator\testExtension\CreatorForm\node_modules\express\lib\router\route.js:149:13)
    at Route.dispatch (D:\Zoho\Zoho Creator\testExtension\CreatorForm\node_modules\express\lib\router\route.js:119:3)
    at Layer.handle [as handle_request] (D:\Zoho\Zoho Creator\testExtension\CreatorForm\node_modules\express\lib\router\layer.js:95:5)
    at D:\Zoho\Zoho Creator\testExtension\CreatorForm\node_modules\express\lib\router\index.js:284:15
    at Function.process_params (D:\Zoho\Zoho Creator\testExtension\CreatorForm\node_modules\express\lib\router\index.js:346:12)
    at next (D:\Zoho\Zoho Creator\testExtension\CreatorForm\node_modules\express\lib\router\index.js:280:10)
    at expressInit (D:\Zoho\Zoho Creator\testExtension\CreatorForm\node_modules\express\lib\middleware\init.js:40:5)
    at Layer.handle [as handle_request] (D:\Zoho\Zoho Creator\testExtension\CreatorForm\node_modules\express\lib\router\layer.js:95:5)
[error] [2024-06-10T16:23:34.731Z] : uncaughtException: Cannot read properties of undefined (reading 'fAddress')
TypeError: Cannot read properties of undefined (reading 'fAddress')
    at D:\Zoho\Zoho Creator\testExtension\CreatorForm\server\index.js:154:30
    at Layer.handle [as handle_request] (D:\Zoho\Zoho Creator\testExtension\CreatorForm\node_modules\express\lib\router\layer.js:95:5)
    at next (D:\Zoho\Zoho Creator\testExtension\CreatorForm\node_modules\express\lib\router\route.js:149:13)
    at Route.dispatch (D:\Zoho\Zoho Creator\testExtension\CreatorForm\node_modules\express\lib\router\route.js:119:3)
    at Layer.handle [as handle_request] (D:\Zoho\Zoho Creator\testExtension\CreatorForm\node_modules\express\lib\router\layer.js:95:5)
    at D:\Zoho\Zoho Creator\testExtension\CreatorForm\node_modules\express\lib\router\index.js:284:15
    at Function.process_params (D:\Zoho\Zoho Creator\testExtension\CreatorForm\node_modules\express\lib\router\index.js:346:12)
    at next (D:\Zoho\Zoho Creator\testExtension\CreatorForm\node_modules\express\lib\router\index.js:280:10)
    at expressInit (D:\Zoho\Zoho Creator\testExtension\CreatorForm\node_modules\express\lib\middleware\init.js:40:5)
    at Layer.handle [as handle_request] (D:\Zoho\Zoho Creator\testExtension\CreatorForm\node_modules\express\lib\router\layer.js:95:5)
[error] [2024-06-10T16:27:18.862Z] : uncaughtException: Cannot read properties of undefined (reading 'fAddress')
TypeError: Cannot read properties of undefined (reading 'fAddress')
    at D:\Zoho\Zoho Creator\testExtension\CreatorForm\server\index.js:155:35
    at Layer.handle [as handle_request] (D:\Zoho\Zoho Creator\testExtension\CreatorForm\node_modules\express\lib\router\layer.js:95:5)
    at next (D:\Zoho\Zoho Creator\testExtension\CreatorForm\node_modules\express\lib\router\route.js:149:13)
    at Route.dispatch (D:\Zoho\Zoho Creator\testExtension\CreatorForm\node_modules\express\lib\router\route.js:119:3)
    at Layer.handle [as handle_request] (D:\Zoho\Zoho Creator\testExtension\CreatorForm\node_modules\express\lib\router\layer.js:95:5)
    at D:\Zoho\Zoho Creator\testExtension\CreatorForm\node_modules\express\lib\router\index.js:284:15
    at Function.process_params (D:\Zoho\Zoho Creator\testExtension\CreatorForm\node_modules\express\lib\router\index.js:346:12)
    at next (D:\Zoho\Zoho Creator\testExtension\CreatorForm\node_modules\express\lib\router\index.js:280:10)
    at jsonParser (D:\Zoho\Zoho Creator\testExtension\CreatorForm\node_modules\body-parser\lib\types\json.js:113:7)
    at Layer.handle [as handle_request] (D:\Zoho\Zoho Creator\testExtension\CreatorForm\node_modules\express\lib\router\layer.js:95:5)
